<?xml version="1.0" encoding="UTF-8"?>
<!-- Generated by org.testng.reporters.JUnitXMLReporter -->
<testsuite ignored="0" hostname="DESKTOP-O6D15VA" failures="0" tests="3" name="Default test" time="3.085" errors="0" timestamp="2023-03-15T02:12:23 GMT-07:00">
  <testcase classname="files.Dynamicjson" name="addBook" time="2.688"/>
  <testcase classname="files.Dynamicjson" name="addBook" time="0.146"/>
  <testcase classname="files.Dynamicjson" name="addBook" time="0.177"/>
</testsuite> <!-- Default test -->
