<?xml version="1.0" encoding="UTF-8"?>
<testng-results ignored="0" total="3" passed="3" failed="0" skipped="0">
  <reporter-output>
  </reporter-output>
  <suite started-at="2023-03-15T02:12:20 GMT-07:00" name="Default suite" finished-at="2023-03-15T02:12:23 GMT-07:00" duration-ms="3085">
    <groups>
    </groups>
    <test started-at="2023-03-15T02:12:20 GMT-07:00" name="Default test" finished-at="2023-03-15T02:12:23 GMT-07:00" duration-ms="3085">
      <class name="files.Dynamicjson">
        <test-method signature="addBook(java.lang.String,java.lang.String)[pri:0, instance:files.Dynamicjson@4da4253]" started-at="2023-03-15T02:12:20 GMT-07:00" name="addBook" data-provider="booksData" finished-at="2023-03-15T02:12:22 GMT-07:00" duration-ms="2688" status="PASS">
          <params>
            <param index="0">
              <value>
                <![CDATA[fdgj]]>
              </value>
            </param>
            <param index="1">
              <value>
                <![CDATA[1212]]>
              </value>
            </param>
          </params>
          <reporter-output>
          </reporter-output>
        </test-method> <!-- addBook -->
        <test-method signature="addBook(java.lang.String,java.lang.String)[pri:0, instance:files.Dynamicjson@4da4253]" started-at="2023-03-15T02:12:22 GMT-07:00" name="addBook" data-provider="booksData" finished-at="2023-03-15T02:12:22 GMT-07:00" duration-ms="146" status="PASS">
          <params>
            <param index="0">
              <value>
                <![CDATA[fghj]]>
              </value>
            </param>
            <param index="1">
              <value>
                <![CDATA[4545]]>
              </value>
            </param>
          </params>
          <reporter-output>
          </reporter-output>
        </test-method> <!-- addBook -->
        <test-method signature="addBook(java.lang.String,java.lang.String)[pri:0, instance:files.Dynamicjson@4da4253]" started-at="2023-03-15T02:12:22 GMT-07:00" name="addBook" data-provider="booksData" finished-at="2023-03-15T02:12:23 GMT-07:00" duration-ms="177" status="PASS">
          <params>
            <param index="0">
              <value>
                <![CDATA[fghh]]>
              </value>
            </param>
            <param index="1">
              <value>
                <![CDATA[7858]]>
              </value>
            </param>
          </params>
          <reporter-output>
          </reporter-output>
        </test-method> <!-- addBook -->
      </class> <!-- files.Dynamicjson -->
    </test> <!-- Default test -->
  </suite> <!-- Default suite -->
</testng-results>
